<?xml version="1.0" encoding="UTF-8"?>
<!-- Generated by org.testng.reporters.JUnitXMLReporter -->
<testsuite hostname="LAPTOP-31B2K48K" ignored="0" name="Default test" tests="2" failures="0" timestamp="21 Sep 2019 03:40:56 GMT" time="7.59" errors="0">
  <testcase name="orgHrmLoginPageTitleTest" time="7.042" classname="com.orangehrm.qa.testcases.LoginPageTest"/>
  <testcase name="orgHrmLoginTest" time="0.532" classname="com.orangehrm.qa.testcases.LoginPageTest"/>
</testsuite> <!-- Default test -->
