<?xml version="1.0" encoding="UTF-8"?>
<!-- Generated by org.testng.reporters.JUnitXMLReporter -->
<testsuite hostname="LAPTOP-31B2K48K" ignored="0" name="Orange Hrm Live test" tests="2" failures="1" timestamp="21 Sep 2019 03:33:25 GMT" time="6.199" errors="0">
  <testcase name="orgHrmLoginPageTitleTest" time="0.035" classname="com.orangehrm.qa.testcases.LoginPageTest">
    <failure type="java.lang.AssertionError" message="Orange hrm login page title is missing expected [OrangeHRM] but found [HubSpot | Redirecting...]">
      <![CDATA[java.lang.AssertionError: Orange hrm login page title is missing expected [OrangeHRM] but found [HubSpot | Redirecting...]
at com.orangehrm.qa.testcases.LoginPageTest.orgHrmLoginPageTitleTest(LoginPageTest.java:16)
... Removed 30 stack frames]]>
    </failure>
  </testcase> <!-- orgHrmLoginPageTitleTest -->
  <testcase name="orgHrmLoginTest" time="6.143" classname="com.orangehrm.qa.testcases.LoginPageTest"/>
</testsuite> <!-- Orange Hrm Live test -->
